<?xml version="1.0" encoding="UTF-8"?>
<!-- Generated by org.testng.reporters.JUnitXMLReporter -->
<testsuite ignored="2" hostname="DESKTOP-JI70QVB" failures="0" tests="4" name="Default test" time="97.173" errors="0" timestamp="03 Jul 2023 11:38:51 GMT">
  <testcase classname="com.qa.testcases.HomePageTest" name="SearchingForAutomobileMethod" time="5.591"/>
  <testcase classname="com.qa.testcases.HomePageTest" name="SearchingForAutomobileMethod" time="7.478"/>
  <testcase classname="com.qa.testcases.HomePageTest" name="SearchingForAutomobileMethod" time="4.66"/>
  <testcase classname="com.qa.testcases.HomePageTest" name="SearchingForAutomobileMethod" time="3.469"/>
  <testcase classname="com.qa.testcases.HomePageTest" name="FindForBikeMethod" time="0.0">
    <ignored/>
  </testcase> <!-- FindForBikeMethod -->
  <testcase classname="com.qa.testcases.HomePageTest" name="FindforACarMethod" time="0.0">
    <ignored/>
  </testcase> <!-- FindforACarMethod -->
</testsuite> <!-- Default test -->
