<?xml version="1.0" encoding="UTF-8"?>
<!-- Generated by org.testng.reporters.JUnitXMLReporter -->
<testsuite ignored="0" hostname="DESKTOP-JI70QVB" failures="0" tests="3" name="Default test" time="95.435" errors="0" timestamp="27 Jun 2023 08:09:24 GMT">
  <testcase classname="com.qa.testcases.HomePageTest" name="FindForBikeMethod" time="12.283"/>
  <testcase classname="com.qa.testcases.HomePageTest" name="FindforACarMethod" time="19.67"/>
  <testcase classname="com.qa.testcases.HomePageTest" name="SearchingForAutomobileMethod" time="3.651"/>
</testsuite> <!-- Default test -->
