<?xml version="1.0" encoding="UTF-8"?>
<testng-results ignored="0" total="3" passed="3" failed="0" skipped="0">
  <reporter-output>
  </reporter-output>
  <suite started-at="2023-06-27T08:07:48Z" name="Default suite" finished-at="2023-06-27T08:09:24Z" duration-ms="95435">
    <groups>
    </groups>
    <test started-at="2023-06-27T08:07:48Z" name="Default test" finished-at="2023-06-27T08:09:24Z" duration-ms="95435">
      <class name="com.qa.testcases.HomePageTest">
        <test-method is-config="true" signature="setUp()[pri:0, instance:com.qa.testcases.HomePageTest@73302995]" started-at="2023-06-27T13:37:48Z" name="setUp" finished-at="2023-06-27T13:38:28Z" duration-ms="39406" status="PASS">
          <reporter-output>
          </reporter-output>
        </test-method> <!-- setUp -->
        <test-method signature="FindForBikeMethod()[pri:0, instance:com.qa.testcases.HomePageTest@73302995]" started-at="2023-06-27T13:38:28Z" name="FindForBikeMethod" finished-at="2023-06-27T13:38:40Z" duration-ms="12283" status="PASS">
          <reporter-output>
          </reporter-output>
        </test-method> <!-- FindForBikeMethod -->
        <test-method is-config="true" signature="flushMethod()[pri:0, instance:com.qa.testcases.HomePageTest@73302995]" started-at="2023-06-27T13:38:40Z" name="flushMethod" finished-at="2023-06-27T13:38:41Z" duration-ms="628" status="PASS">
          <reporter-output>
          </reporter-output>
        </test-method> <!-- flushMethod -->
        <test-method is-config="true" signature="setUp()[pri:0, instance:com.qa.testcases.HomePageTest@73302995]" started-at="2023-06-27T13:38:41Z" name="setUp" finished-at="2023-06-27T13:38:49Z" duration-ms="8162" status="PASS">
          <reporter-output>
          </reporter-output>
        </test-method> <!-- setUp -->
        <test-method signature="FindforACarMethod()[pri:0, instance:com.qa.testcases.HomePageTest@73302995]" started-at="2023-06-27T13:38:49Z" name="FindforACarMethod" finished-at="2023-06-27T13:39:09Z" duration-ms="19670" status="PASS">
          <reporter-output>
          </reporter-output>
        </test-method> <!-- FindforACarMethod -->
        <test-method is-config="true" signature="flushMethod()[pri:0, instance:com.qa.testcases.HomePageTest@73302995]" started-at="2023-06-27T13:39:09Z" name="flushMethod" finished-at="2023-06-27T13:39:09Z" duration-ms="483" status="PASS">
          <reporter-output>
          </reporter-output>
        </test-method> <!-- flushMethod -->
        <test-method is-config="true" signature="setUp()[pri:0, instance:com.qa.testcases.HomePageTest@73302995]" started-at="2023-06-27T13:39:09Z" name="setUp" finished-at="2023-06-27T13:39:20Z" duration-ms="10693" status="PASS">
          <reporter-output>
          </reporter-output>
        </test-method> <!-- setUp -->
        <test-method signature="SearchingForAutomobileMethod()[pri:0, instance:com.qa.testcases.HomePageTest@73302995]" started-at="2023-06-27T13:39:20Z" name="SearchingForAutomobileMethod" finished-at="2023-06-27T13:39:23Z" duration-ms="3651" status="PASS">
          <reporter-output>
          </reporter-output>
        </test-method> <!-- SearchingForAutomobileMethod -->
        <test-method is-config="true" signature="flushMethod()[pri:0, instance:com.qa.testcases.HomePageTest@73302995]" started-at="2023-06-27T13:39:23Z" name="flushMethod" finished-at="2023-06-27T13:39:24Z" duration-ms="404" status="PASS">
          <reporter-output>
          </reporter-output>
        </test-method> <!-- flushMethod -->
      </class> <!-- com.qa.testcases.HomePageTest -->
    </test> <!-- Default test -->
  </suite> <!-- Default suite -->
</testng-results>
